<?xml version="1.0" encoding="UTF-8"?>
<!-- Generated by org.testng.reporters.JUnitXMLReporter -->
<testsuite ignored="0" hostname="LAPTOP-JD7K5OBI" failures="1" tests="4" name="Test" time="30.05" errors="0" timestamp="2024-04-06T02:10:18 IST">
  <testcase classname="com.learner.test.Testclsictak" name="TC1" time="0.216"/>
  <testcase classname="com.learner.test.Testclsictak" name="TC2" time="6.728">
    <failure type="java.lang.AssertionError" message="expected [false] but found [true]">
      <![CDATA[java.lang.AssertionError: expected [false] but found [true]
at com.learner.test.Testclsictak.TC2(Testclsictak.java:56)
at java.base/java.util.ArrayList.forEach(ArrayList.java:1511)
... Removed 31 stack frames]]>
    </failure>
  </testcase> <!-- TC2 -->
  <testcase classname="com.learner.test.Testclsictak" name="TC3" time="3.035"/>
  <testcase classname="com.learner.test.Testclsictak" name="TC4" time="8.156"/>
</testsuite> <!-- Test -->
